<?xml version="1.0" encoding="UTF-8"?>
<robot generator="Robot 6.0.1 (Python 3.11.0 on win32)" generated="20221128 17:39:35.353" rpa="false" schemaversion="3">
<suite id="s1" name="Swaglabs" source="C:\Users\vijayalakshmi.jogu\PycharmProjects\swaglabs">
<suite id="s1-s1" name="TestCases" source="C:\Users\vijayalakshmi.jogu\PycharmProjects\swaglabs\TestCases">
<suite id="s1-s1-s1" name="LoginTest" source="C:\Users\vijayalakshmi.jogu\PycharmProjects\swaglabs\TestCases\LoginTest.robot">
<test id="s1-s1-s1-t1" name="Logintest" line="11">
<kw name="open my browser" library="LoginKeywords">
<arg>${siteurl}</arg>
<arg>${browser}</arg>
<kw name="Open Browser" library="SeleniumLibrary">
<arg>${siteurl}</arg>
<arg>${browser}</arg>
<doc>Opens a new browser instance to the optional ``url``.</doc>
<msg timestamp="20221128 17:39:35.707" level="INFO">Opening browser 'chrome' to base url 'https://www.saucedemo.com/'.</msg>
<status status="PASS" starttime="20221128 17:39:35.706" endtime="20221128 17:39:37.508"/>
</kw>
<kw name="Maximize Browser Window" library="SeleniumLibrary">
<doc>Maximizes current browser window.</doc>
<status status="PASS" starttime="20221128 17:39:37.508" endtime="20221128 17:39:37.629"/>
</kw>
<status status="PASS" starttime="20221128 17:39:35.705" endtime="20221128 17:39:37.629"/>
</kw>
<kw name="Enter username" library="LoginKeywords">
<arg>${username}</arg>
<kw name="Input Text" library="SeleniumLibrary">
<arg>${txt_loginusername}</arg>
<arg>${username}</arg>
<doc>Types the given ``text`` into the text field identified by ``locator``.</doc>
<msg timestamp="20221128 17:39:37.632" level="INFO">Typing text 'standard_user' into text field 'name:user-name'.</msg>
<status status="PASS" starttime="20221128 17:39:37.631" endtime="20221128 17:39:37.814"/>
</kw>
<status status="PASS" starttime="20221128 17:39:37.630" endtime="20221128 17:39:37.814"/>
</kw>
<kw name="Enter password" library="LoginKeywords">
<arg>${password}</arg>
<kw name="Input Text" library="SeleniumLibrary">
<arg>${txt_loginpassword}</arg>
<arg>${password}</arg>
<doc>Types the given ``text`` into the text field identified by ``locator``.</doc>
<msg timestamp="20221128 17:39:37.816" level="INFO">Typing text 'secret_sauce' into text field 'name:password'.</msg>
<status status="PASS" starttime="20221128 17:39:37.815" endtime="20221128 17:39:37.899"/>
</kw>
<status status="PASS" starttime="20221128 17:39:37.815" endtime="20221128 17:39:37.900"/>
</kw>
<kw name="Click signIn" library="LoginKeywords">
<kw name="Click Button" library="SeleniumLibrary">
<arg>${btn_loginbutton}</arg>
<doc>Clicks the button identified by ``locator``.</doc>
<msg timestamp="20221128 17:39:37.901" level="INFO">Clicking button 'name:login-button'.</msg>
<status status="PASS" starttime="20221128 17:39:37.901" endtime="20221128 17:39:38.008"/>
</kw>
<status status="PASS" starttime="20221128 17:39:37.900" endtime="20221128 17:39:38.008"/>
</kw>
<kw name="Sleep" library="BuiltIn">
<arg>3</arg>
<doc>Pauses the test executed for the given time.</doc>
<msg timestamp="20221128 17:39:41.011" level="INFO">Slept 3 seconds</msg>
<status status="PASS" starttime="20221128 17:39:38.009" endtime="20221128 17:39:41.012"/>
</kw>
<kw name="verify successfull login" library="LoginKeywords">
<kw name="Title Should Be" library="SeleniumLibrary">
<arg>Swag Labs</arg>
<doc>Verifies that the current page title equals ``title``.</doc>
<msg timestamp="20221128 17:39:41.021" level="INFO">Page title is 'Swag Labs'.</msg>
<status status="PASS" starttime="20221128 17:39:41.013" endtime="20221128 17:39:41.023"/>
</kw>
<status status="PASS" starttime="20221128 17:39:41.013" endtime="20221128 17:39:41.024"/>
</kw>
<kw name="close my browser" library="LoginKeywords">
<kw name="Close All Browsers" library="SeleniumLibrary">
<doc>Closes all open browsers and resets the browser cache.</doc>
<status status="PASS" starttime="20221128 17:39:41.026" endtime="20221128 17:39:47.448"/>
</kw>
<status status="PASS" starttime="20221128 17:39:41.025" endtime="20221128 17:39:47.449"/>
</kw>
<status status="PASS" starttime="20221128 17:39:35.703" endtime="20221128 17:39:47.449"/>
</test>
<status status="PASS" starttime="20221128 17:39:35.388" endtime="20221128 17:39:47.451"/>
</suite>
<status status="PASS" starttime="20221128 17:39:35.384" endtime="20221128 17:39:47.453"/>
</suite>
<status status="PASS" starttime="20221128 17:39:35.361" endtime="20221128 17:39:47.456"/>
</suite>
<statistics>
<total>
<stat pass="1" fail="0" skip="0">All Tests</stat>
</total>
<tag>
</tag>
<suite>
<stat pass="1" fail="0" skip="0" id="s1" name="Swaglabs">Swaglabs</stat>
<stat pass="1" fail="0" skip="0" id="s1-s1" name="TestCases">Swaglabs.TestCases</stat>
<stat pass="1" fail="0" skip="0" id="s1-s1-s1" name="LoginTest">Swaglabs.TestCases.LoginTest</stat>
</suite>
</statistics>
<errors>
<msg timestamp="20221128 17:39:35.699" level="ERROR">Error in file 'C:\Users\vijayalakshmi.jogu\PycharmProjects\swaglabs\TestCases\LoginTest.robot' on line 4: Importing library 'DataDriver' failed: ModuleNotFoundError: No module named 'DataDriver'
Traceback (most recent call last):
  None
PYTHONPATH:
  C:\Users\vijayalakshmi.jogu\PycharmProjects\swaglabs\lib
  C:\Users\vijayalakshmi.jogu\PycharmProjects\swaglabs\resources
  C:\Users\vijayalakshmi.jogu\AppData\Local\Programs\Python\Python311\python311.zip
  C:\Users\vijayalakshmi.jogu\AppData\Local\Programs\Python\Python311\DLLs
  C:\Users\vijayalakshmi.jogu\AppData\Local\Programs\Python\Python311\Lib
  C:\Users\vijayalakshmi.jogu\AppData\Local\Programs\Python\Python311
  C:\Users\vijayalakshmi.jogu\PycharmProjects\swaglabs\venv
  C:\Users\vijayalakshmi.jogu\PycharmProjects\swaglabs\venv\Lib\site-packages
  C:\Users\vijayalakshmi.jogu\.vscode\extensions\d-biehl.robotcode-0.14.5</msg>
</errors>
</robot>
